Building DAG of jobs...
Using shell: /bin/bash
Provided cores: 1 (use --cores to define parallelism)
Rules claiming more threads will be scaled down.
Job stats:
job                      count    min threads    max threads
---------------------  -------  -------------  -------------
align                        1              1              1
ancestral                    1              1              1
clades                       1              1              1
date_parse                   1              1              1
export                       1              1              1
filter                       1              1              1
index_sequences              1              1              1
parse                        1              1              1
reference_gb_to_fasta        1              1              1
refine                       1              1              1
remove_duplicates            1              1              1
subsample_by_length          1              1              1
traits                       1              1              1
translate                    1              1              1
tree                         1              1              1
total                       15              1              1

Select jobs to execute...

[Wed Jan  5 10:13:45 2022]
Job 10: 
        Converting reference sequence from genbank to fasta format
        

[Wed Jan  5 10:13:46 2022]
Finished job 10.
1 of 15 steps (7%) done
Select jobs to execute...

[Wed Jan  5 10:13:46 2022]
Job 7: 
        Subsampling sequences by length (vp1 = 600-8000bp,
                                         whole genome = 6400-8000bp)
        

[Wed Jan  5 10:13:46 2022]
Finished job 7.
2 of 15 steps (13%) done
Select jobs to execute...

[Wed Jan  5 10:13:46 2022]
Job 6: 
        Parsing sequences and metadata from viprbrc.fasta
        

[Wed Jan  5 10:13:47 2022]
Finished job 6.
3 of 15 steps (20%) done
Select jobs to execute...

[Wed Jan  5 10:13:47 2022]
Job 9: 
        Cleaning dates in metadata
        

[Wed Jan  5 10:13:48 2022]
Finished job 9.
4 of 15 steps (27%) done
Select jobs to execute...

[Wed Jan  5 10:13:48 2022]
Job 5: 
        Removing duplicate sequences
        

[Wed Jan  5 10:13:48 2022]
Finished job 5.
5 of 15 steps (33%) done
Select jobs to execute...

[Wed Jan  5 10:13:48 2022]
Job 8: 
        Creating an index of sequence composition for filtering
        

[Wed Jan  5 10:13:50 2022]
Finished job 8.
6 of 15 steps (40%) done
Select jobs to execute...

[Wed Jan  5 10:13:50 2022]
Job 4: 
        Filtering to
          - 2000 sequence(s) per country
          - from 1970 onwards
          - excluding strains in ev_a71/vp1/config/dropped_strains.txt
        

[Wed Jan  5 10:13:51 2022]
Finished job 4.
7 of 15 steps (47%) done
Select jobs to execute...

[Wed Jan  5 10:13:51 2022]
Job 3: 
        Aligning sequences to ev_a71/vp1/results/reference_sequence.fasta using Nextalign
        

[Wed Jan  5 10:13:55 2022]
Finished job 3.
8 of 15 steps (53%) done
Select jobs to execute...

[Wed Jan  5 10:13:55 2022]
Job 2: Building tree

[Wed Jan  5 10:16:18 2022]
Finished job 2.
9 of 15 steps (60%) done
Select jobs to execute...

[Wed Jan  5 10:16:18 2022]
Job 1: 
        Refining tree
          - estimate timetree
          - use opt coalescent timescale
          - estimate marginal node dates
          - filter tips more than 3 IQDs from clock expectation
        

[Wed Jan  5 10:53:13 2022]
Finished job 1.
10 of 15 steps (67%) done
Select jobs to execute...

[Wed Jan  5 10:53:13 2022]
Job 11: Inferring ancestral traits for country

[Wed Jan  5 10:54:04 2022]
Finished job 11.
11 of 15 steps (73%) done
Select jobs to execute...

[Wed Jan  5 10:54:04 2022]
Job 12: Reconstructing ancestral sequences and mutations

[Wed Jan  5 10:54:24 2022]
Finished job 12.
12 of 15 steps (80%) done
Select jobs to execute...

[Wed Jan  5 10:54:24 2022]
Job 13: Translating amino acid sequences

[Wed Jan  5 10:54:26 2022]
Finished job 13.
13 of 15 steps (87%) done
Select jobs to execute...

[Wed Jan  5 10:54:26 2022]
Job 14: Assigning clades according to nucleotide mutations

[Wed Jan  5 10:54:28 2022]
Finished job 14.
14 of 15 steps (93%) done
Select jobs to execute...

[Wed Jan  5 10:54:28 2022]
Job 0: Exporting data files for for auspice

[Wed Jan  5 10:54:35 2022]
Finished job 0.
15 of 15 steps (100%) done
Complete log: /Users/simongrimm/Documents/universitaet_basel/thesis/nextstrain/data/thesis_data/ignore_these_builds/heb_132 comparison/with heb/.snakemake/log/2022-01-05T101345.533316.snakemake.log
