Building DAG of jobs...
Using shell: /bin/bash
Provided cores: 1 (use --cores to define parallelism)
Rules claiming more threads will be scaled down.
Job stats:
job          count    min threads    max threads
---------  -------  -------------  -------------
align            1              1              1
ancestral        1              1              1
clades           1              1              1
export           1              1              1
filter           1              1              1
refine           1              1              1
traits           1              1              1
translate        1              1              1
tree             1              1              1
total            9              1              1

Select jobs to execute...

[Sat Nov 27 12:58:13 2021]
Job 4: 
        Filtering to
          - 2000 sequence(s) per country
          - from 1970 onwards
          - excluding strains in ev_a71/vp1/config/dropped_strains.txt
        

[Sat Nov 27 12:58:15 2021]
Finished job 4.
1 of 9 steps (11%) done
Select jobs to execute...

[Sat Nov 27 12:58:15 2021]
Job 3: 
        Aligning sequences to ev_a71/vp1/results/reference_sequence.fasta using Nextalign
        

[Sat Nov 27 12:58:19 2021]
Finished job 3.
2 of 9 steps (22%) done
Select jobs to execute...

[Sat Nov 27 12:58:19 2021]
Job 2: Building tree

[Sat Nov 27 13:00:56 2021]
Finished job 2.
3 of 9 steps (33%) done
Select jobs to execute...

[Sat Nov 27 13:00:56 2021]
Job 1: 
        Refining tree
          - estimate timetree
          - use opt coalescent timescale
          - estimate marginal node dates
          - filter tips more than 2.5 IQDs from clock expectation
        

[Sat Nov 27 13:41:06 2021]
Finished job 1.
4 of 9 steps (44%) done
Select jobs to execute...

[Sat Nov 27 13:41:06 2021]
Job 11: Inferring ancestral traits for country

[Sat Nov 27 13:42:09 2021]
Finished job 11.
5 of 9 steps (56%) done
Select jobs to execute...

[Sat Nov 27 13:42:09 2021]
Job 12: Reconstructing ancestral sequences and mutations

[Sat Nov 27 13:42:30 2021]
Finished job 12.
6 of 9 steps (67%) done
Select jobs to execute...

[Sat Nov 27 13:42:30 2021]
Job 13: Translating amino acid sequences

[Sat Nov 27 13:42:33 2021]
Finished job 13.
7 of 9 steps (78%) done
Select jobs to execute...

[Sat Nov 27 13:42:33 2021]
Job 14: Assigning clades according to nucleotide mutations

[Sat Nov 27 13:42:34 2021]
Finished job 14.
8 of 9 steps (89%) done
Select jobs to execute...

[Sat Nov 27 13:42:34 2021]
Job 0: Exporting data files for for auspice

[Sat Nov 27 13:42:40 2021]
Finished job 0.
9 of 9 steps (100%) done
Complete log: /Users/simongrimm/Documents/universitaet_basel/thesis/nextstrain/data/thesis_data/ignore_these_builds/clock_filter_iqd_2.5/.snakemake/log/2021-11-27T125812.906937.snakemake.log
