Building DAG of jobs...
Using shell: /bin/bash
Provided cores: 2
Rules claiming more threads will be scaled down.
Job stats:
job                      count    min threads    max threads
---------------------  -------  -------------  -------------
align                        1              1              1
ancestral                    1              1              1
clades                       1              1              1
date_parse                   1              1              1
export                       1              1              1
filter                       1              1              1
index_sequences              1              1              1
parse                        1              1              1
reference_gb_to_fasta        1              1              1
refine                       1              1              1
remove_duplicates            1              1              1
subsample_by_length          1              1              1
traits                       1              1              1
translate                    1              1              1
tree                         1              1              1
total                       15              1              1

Select jobs to execute...

[Mon Feb 21 10:11:07 2022]
Job 7: 
        Subsampling sequences by length (vp1 = 600-8000bp,
                                         whole genome = 6400-8000bp)
        


[Mon Feb 21 10:11:08 2022]
Job 10: 
        Converting reference sequence from genbank to fasta format
        

[Mon Feb 21 10:11:08 2022]
Finished job 10.
1 of 15 steps (7%) done
[Mon Feb 21 10:11:08 2022]
Finished job 7.
2 of 15 steps (13%) done
Select jobs to execute...

[Mon Feb 21 10:11:08 2022]
Job 6: 
        Parsing sequences and metadata from viprbrc.fasta
        

[Mon Feb 21 10:11:09 2022]
Finished job 6.
3 of 15 steps (20%) done
Select jobs to execute...

[Mon Feb 21 10:11:09 2022]
Job 9: 
        Cleaning dates in metadata
        


[Mon Feb 21 10:11:09 2022]
Job 5: 
        Removing duplicate sequences
        

[Mon Feb 21 10:11:09 2022]
Finished job 9.
4 of 15 steps (27%) done
[Mon Feb 21 10:11:10 2022]
Finished job 5.
5 of 15 steps (33%) done
Select jobs to execute...

[Mon Feb 21 10:11:10 2022]
Job 8: 
        Creating an index of sequence composition for filtering
        

[Mon Feb 21 10:11:11 2022]
Finished job 8.
6 of 15 steps (40%) done
Select jobs to execute...

[Mon Feb 21 10:11:11 2022]
Job 4: 
        Filtering to
          - 2000 sequence(s) per country
          - from 1970 onwards
          - excluding strains in ev_a71/vp1/config/dropped_strains.txt
        

[Mon Feb 21 10:11:13 2022]
Finished job 4.
7 of 15 steps (47%) done
Select jobs to execute...

[Mon Feb 21 10:11:13 2022]
Job 3: 
        Aligning sequences to ev_a71/vp1/results/reference_sequence.fasta using Nextalign
        Aksamentov et al., (2021). Nextclade: clade assignment, mutation calling and quality control for viral genomes. Journal of Open Source
        Software, 6(67), 3773. https://doi.org/10.21105/joss.03773
        

[Mon Feb 21 10:11:18 2022]
Finished job 3.
8 of 15 steps (53%) done
Select jobs to execute...

[Mon Feb 21 10:11:18 2022]
Job 2: Building tree

[Mon Feb 21 10:16:24 2022]
Finished job 2.
9 of 15 steps (60%) done
Select jobs to execute...

[Mon Feb 21 10:16:24 2022]
Job 1: 
        Refining tree
          - estimate timetree
          - use opt coalescent timescale
          - estimate marginal node dates
          - filter tips more than 3 IQDs from clock expectation
        

[Mon Feb 21 11:20:48 2022]
Finished job 1.
10 of 15 steps (67%) done
Select jobs to execute...

[Mon Feb 21 11:20:48 2022]
Job 12: Reconstructing ancestral sequences and mutations


[Mon Feb 21 11:20:48 2022]
Job 11: Inferring ancestral traits for country

[Mon Feb 21 11:20:50 2022]
Error in rule traits:
    jobid: 11
    output: ev_a71/vp1/results/traits.json
    shell:
        
        augur traits             --tree ev_a71/vp1/results/tree.nwk             --metadata ev_a71/vp1/results/cleaned_metadata.tsv             --output-node-data ev_a71/vp1/results/traits.json             --columns country             --confidence
        
        (one of the commands exited with non-zero exit code; note that snakemake uses bash strict mode!)

