Building DAG of jobs...
Using shell: /bin/bash
Provided cores: 1 (use --cores to define parallelism)
Rules claiming more threads will be scaled down.
Job stats:
job                      count    min threads    max threads
---------------------  -------  -------------  -------------
align                        2              1              1
all                          1              1              1
ancestral                    2              1              1
clades                       2              1              1
date_parse                   2              1              1
export                       2              1              1
filter                       2              1              1
index_sequences              2              1              1
parse                        2              1              1
reference_gb_to_fasta        2              1              1
refine                       2              1              1
remove_duplicates            2              1              1
subsample_by_length          2              1              1
traits                       2              1              1
translate                    2              1              1
tree                         2              1              1
total                       31              1              1

Select jobs to execute...

[Wed Jan  5 11:36:12 2022]
Job 8: 
        Subsampling sequences by length (vp1 = 600-8000bp,
                                         whole genome = 6400-8000bp)
        

[Wed Jan  5 11:36:13 2022]
Finished job 8.
1 of 31 steps (3%) done
Select jobs to execute...

[Wed Jan  5 11:36:13 2022]
Job 23: 
        Subsampling sequences by length (vp1 = 600-8000bp,
                                         whole genome = 6400-8000bp)
        

[Wed Jan  5 11:36:13 2022]
Finished job 23.
2 of 31 steps (6%) done
Select jobs to execute...

[Wed Jan  5 11:36:14 2022]
Job 22: 
        Parsing sequences and metadata from viprbrc.fasta
        

[Wed Jan  5 11:36:15 2022]
Finished job 22.
3 of 31 steps (10%) done
Select jobs to execute...

[Wed Jan  5 11:36:15 2022]
Job 21: 
        Removing duplicate sequences
        

[Wed Jan  5 11:36:16 2022]
Finished job 21.
4 of 31 steps (13%) done
Select jobs to execute...

[Wed Jan  5 11:36:16 2022]
Job 7: 
        Parsing sequences and metadata from viprbrc.fasta
        

[Wed Jan  5 11:36:17 2022]
Finished job 7.
5 of 31 steps (16%) done
Select jobs to execute...

[Wed Jan  5 11:36:17 2022]
Job 6: 
        Removing duplicate sequences
        

[Wed Jan  5 11:36:17 2022]
Finished job 6.
6 of 31 steps (19%) done
Select jobs to execute...

[Wed Jan  5 11:36:17 2022]
Job 9: 
        Creating an index of sequence composition for filtering
        

[Wed Jan  5 11:36:19 2022]
Finished job 9.
7 of 31 steps (23%) done
Select jobs to execute...

[Wed Jan  5 11:36:19 2022]
Job 10: 
        Cleaning dates in metadata
        

[Wed Jan  5 11:36:19 2022]
Finished job 10.
8 of 31 steps (26%) done
Select jobs to execute...

[Wed Jan  5 11:36:19 2022]
Job 5: 
        Filtering to
          - 2000 sequence(s) per country
          - from 1970 onwards
          - excluding strains in ev_a71/vp1/config/dropped_strains.txt
        

[Wed Jan  5 11:36:21 2022]
Finished job 5.
9 of 31 steps (29%) done
Select jobs to execute...

[Wed Jan  5 11:36:21 2022]
Job 11: 
        Converting reference sequence from genbank to fasta format
        

[Wed Jan  5 11:36:21 2022]
Finished job 11.
10 of 31 steps (32%) done
Select jobs to execute...

[Wed Jan  5 11:36:21 2022]
Job 26: 
        Converting reference sequence from genbank to fasta format
        

[Wed Jan  5 11:36:21 2022]
Finished job 26.
11 of 31 steps (35%) done
Select jobs to execute...

[Wed Jan  5 11:36:21 2022]
Job 25: 
        Cleaning dates in metadata
        

[Wed Jan  5 11:36:21 2022]
Finished job 25.
12 of 31 steps (39%) done
Select jobs to execute...

[Wed Jan  5 11:36:21 2022]
Job 4: 
        Aligning sequences to ev_a71/vp1/results/reference_sequence.fasta using Nextalign
        

[Wed Jan  5 11:36:25 2022]
Finished job 4.
13 of 31 steps (42%) done
Select jobs to execute...

[Wed Jan  5 11:36:25 2022]
Job 3: Building tree

[Wed Jan  5 11:38:48 2022]
Finished job 3.
14 of 31 steps (45%) done
Select jobs to execute...

[Wed Jan  5 11:38:48 2022]
Job 2: 
        Refining tree
          - estimate timetree
          - use opt coalescent timescale
          - estimate marginal node dates
          - filter tips more than 3 IQDs from clock expectation
        

Error recording metadata for finished job ([Errno 2] No such file or directory: '/Users/simongrimm/Documents/universitaet_basel/thesis/nextstrain/data/thesis_data/github_enterovirus_a71/.snakemake/incomplete'). Please ensure write permissions for the directory /Users/simongrimm/Documents/universitaet_basel/thesis/nextstrain/data/thesis_data/github_enterovirus_a71/.snakemake
[Wed Jan  5 12:17:49 2022]
Finished job 2.
15 of 31 steps (48%) done
Select jobs to execute...

[Wed Jan  5 12:17:49 2022]
Job 13: Reconstructing ancestral sequences and mutations

Failed to set marker file for job started ([Errno 2] No such file or directory: '/Users/simongrimm/Documents/universitaet_basel/thesis/nextstrain/data/thesis_data/github_enterovirus_a71/.snakemake/incomplete'). Snakemake will work, but cannot ensure that output files are complete in case of a kill signal or power loss. Please ensure write permissions for the directory /Users/simongrimm/Documents/universitaet_basel/thesis/nextstrain/data/thesis_data/github_enterovirus_a71/.snakemake
Error recording metadata for finished job ([Errno 2] No such file or directory: '/Users/simongrimm/Documents/universitaet_basel/thesis/nextstrain/data/thesis_data/github_enterovirus_a71/.snakemake/incomplete'). Please ensure write permissions for the directory /Users/simongrimm/Documents/universitaet_basel/thesis/nextstrain/data/thesis_data/github_enterovirus_a71/.snakemake
[Wed Jan  5 12:18:10 2022]
Finished job 13.
16 of 31 steps (52%) done
Select jobs to execute...

[Wed Jan  5 12:18:10 2022]
Job 14: Translating amino acid sequences

Failed to set marker file for job started ([Errno 2] No such file or directory: '/Users/simongrimm/Documents/universitaet_basel/thesis/nextstrain/data/thesis_data/github_enterovirus_a71/.snakemake/incomplete'). Snakemake will work, but cannot ensure that output files are complete in case of a kill signal or power loss. Please ensure write permissions for the directory /Users/simongrimm/Documents/universitaet_basel/thesis/nextstrain/data/thesis_data/github_enterovirus_a71/.snakemake
Error recording metadata for finished job ([Errno 2] No such file or directory: '/Users/simongrimm/Documents/universitaet_basel/thesis/nextstrain/data/thesis_data/github_enterovirus_a71/.snakemake/incomplete'). Please ensure write permissions for the directory /Users/simongrimm/Documents/universitaet_basel/thesis/nextstrain/data/thesis_data/github_enterovirus_a71/.snakemake
[Wed Jan  5 12:18:12 2022]
Finished job 14.
17 of 31 steps (55%) done
Select jobs to execute...

[Wed Jan  5 12:18:12 2022]
Job 15: Assigning clades according to nucleotide mutations

Failed to set marker file for job started ([Errno 2] No such file or directory: '/Users/simongrimm/Documents/universitaet_basel/thesis/nextstrain/data/thesis_data/github_enterovirus_a71/.snakemake/incomplete'). Snakemake will work, but cannot ensure that output files are complete in case of a kill signal or power loss. Please ensure write permissions for the directory /Users/simongrimm/Documents/universitaet_basel/thesis/nextstrain/data/thesis_data/github_enterovirus_a71/.snakemake
Error recording metadata for finished job ([Errno 2] No such file or directory: '/Users/simongrimm/Documents/universitaet_basel/thesis/nextstrain/data/thesis_data/github_enterovirus_a71/.snakemake/incomplete'). Please ensure write permissions for the directory /Users/simongrimm/Documents/universitaet_basel/thesis/nextstrain/data/thesis_data/github_enterovirus_a71/.snakemake
[Wed Jan  5 12:18:14 2022]
Finished job 15.
18 of 31 steps (58%) done
Select jobs to execute...

[Wed Jan  5 12:18:14 2022]
Job 24: 
        Creating an index of sequence composition for filtering
        

Failed to set marker file for job started ([Errno 2] No such file or directory: '/Users/simongrimm/Documents/universitaet_basel/thesis/nextstrain/data/thesis_data/github_enterovirus_a71/.snakemake/incomplete'). Snakemake will work, but cannot ensure that output files are complete in case of a kill signal or power loss. Please ensure write permissions for the directory /Users/simongrimm/Documents/universitaet_basel/thesis/nextstrain/data/thesis_data/github_enterovirus_a71/.snakemake
Error recording metadata for finished job ([Errno 2] No such file or directory: '/Users/simongrimm/Documents/universitaet_basel/thesis/nextstrain/data/thesis_data/github_enterovirus_a71/.snakemake/incomplete'). Please ensure write permissions for the directory /Users/simongrimm/Documents/universitaet_basel/thesis/nextstrain/data/thesis_data/github_enterovirus_a71/.snakemake
[Wed Jan  5 12:18:15 2022]
Finished job 24.
19 of 31 steps (61%) done
Select jobs to execute...

[Wed Jan  5 12:18:15 2022]
Job 20: 
        Filtering to
          - 2000 sequence(s) per country
          - from 1970 onwards
          - excluding strains in ev_a71/whole_genome/config/dropped_strains.txt
        

Failed to set marker file for job started ([Errno 2] No such file or directory: '/Users/simongrimm/Documents/universitaet_basel/thesis/nextstrain/data/thesis_data/github_enterovirus_a71/.snakemake/incomplete'). Snakemake will work, but cannot ensure that output files are complete in case of a kill signal or power loss. Please ensure write permissions for the directory /Users/simongrimm/Documents/universitaet_basel/thesis/nextstrain/data/thesis_data/github_enterovirus_a71/.snakemake
Error recording metadata for finished job ([Errno 2] No such file or directory: '/Users/simongrimm/Documents/universitaet_basel/thesis/nextstrain/data/thesis_data/github_enterovirus_a71/.snakemake/incomplete'). Please ensure write permissions for the directory /Users/simongrimm/Documents/universitaet_basel/thesis/nextstrain/data/thesis_data/github_enterovirus_a71/.snakemake
[Wed Jan  5 12:18:16 2022]
Finished job 20.
20 of 31 steps (65%) done
Select jobs to execute...

[Wed Jan  5 12:18:16 2022]
Job 19: 
        Aligning sequences to ev_a71/whole_genome/results/reference_sequence.fasta using Nextalign
        

Failed to set marker file for job started ([Errno 2] No such file or directory: '/Users/simongrimm/Documents/universitaet_basel/thesis/nextstrain/data/thesis_data/github_enterovirus_a71/.snakemake/incomplete'). Snakemake will work, but cannot ensure that output files are complete in case of a kill signal or power loss. Please ensure write permissions for the directory /Users/simongrimm/Documents/universitaet_basel/thesis/nextstrain/data/thesis_data/github_enterovirus_a71/.snakemake
Error recording metadata for finished job ([Errno 2] No such file or directory: '/Users/simongrimm/Documents/universitaet_basel/thesis/nextstrain/data/thesis_data/github_enterovirus_a71/.snakemake/incomplete'). Please ensure write permissions for the directory /Users/simongrimm/Documents/universitaet_basel/thesis/nextstrain/data/thesis_data/github_enterovirus_a71/.snakemake
[Wed Jan  5 12:18:19 2022]
Finished job 19.
21 of 31 steps (68%) done
Select jobs to execute...

[Wed Jan  5 12:18:19 2022]
Job 18: Building tree

Failed to set marker file for job started ([Errno 2] No such file or directory: '/Users/simongrimm/Documents/universitaet_basel/thesis/nextstrain/data/thesis_data/github_enterovirus_a71/.snakemake/incomplete'). Snakemake will work, but cannot ensure that output files are complete in case of a kill signal or power loss. Please ensure write permissions for the directory /Users/simongrimm/Documents/universitaet_basel/thesis/nextstrain/data/thesis_data/github_enterovirus_a71/.snakemake
Error recording metadata for finished job ([Errno 2] No such file or directory: '/Users/simongrimm/Documents/universitaet_basel/thesis/nextstrain/data/thesis_data/github_enterovirus_a71/.snakemake/incomplete'). Please ensure write permissions for the directory /Users/simongrimm/Documents/universitaet_basel/thesis/nextstrain/data/thesis_data/github_enterovirus_a71/.snakemake
[Wed Jan  5 12:19:49 2022]
Finished job 18.
22 of 31 steps (71%) done
Select jobs to execute...

[Wed Jan  5 12:19:49 2022]
Job 17: 
        Refining tree
          - estimate timetree
          - use opt coalescent timescale
          - estimate marginal node dates
          - filter tips more than 3 IQDs from clock expectation
        

Failed to set marker file for job started ([Errno 2] No such file or directory: '/Users/simongrimm/Documents/universitaet_basel/thesis/nextstrain/data/thesis_data/github_enterovirus_a71/.snakemake/incomplete'). Snakemake will work, but cannot ensure that output files are complete in case of a kill signal or power loss. Please ensure write permissions for the directory /Users/simongrimm/Documents/universitaet_basel/thesis/nextstrain/data/thesis_data/github_enterovirus_a71/.snakemake
Error recording metadata for finished job ([Errno 2] No such file or directory: '/Users/simongrimm/Documents/universitaet_basel/thesis/nextstrain/data/thesis_data/github_enterovirus_a71/.snakemake/incomplete'). Please ensure write permissions for the directory /Users/simongrimm/Documents/universitaet_basel/thesis/nextstrain/data/thesis_data/github_enterovirus_a71/.snakemake
[Wed Jan  5 12:29:40 2022]
Finished job 17.
23 of 31 steps (74%) done
Select jobs to execute...

[Wed Jan  5 12:29:40 2022]
Job 28: Reconstructing ancestral sequences and mutations

Failed to set marker file for job started ([Errno 2] No such file or directory: '/Users/simongrimm/Documents/universitaet_basel/thesis/nextstrain/data/thesis_data/github_enterovirus_a71/.snakemake/incomplete'). Snakemake will work, but cannot ensure that output files are complete in case of a kill signal or power loss. Please ensure write permissions for the directory /Users/simongrimm/Documents/universitaet_basel/thesis/nextstrain/data/thesis_data/github_enterovirus_a71/.snakemake
Error recording metadata for finished job ([Errno 2] No such file or directory: '/Users/simongrimm/Documents/universitaet_basel/thesis/nextstrain/data/thesis_data/github_enterovirus_a71/.snakemake/incomplete'). Please ensure write permissions for the directory /Users/simongrimm/Documents/universitaet_basel/thesis/nextstrain/data/thesis_data/github_enterovirus_a71/.snakemake
[Wed Jan  5 12:30:09 2022]
Finished job 28.
24 of 31 steps (77%) done
Select jobs to execute...

[Wed Jan  5 12:30:09 2022]
Job 12: Inferring ancestral traits for country

Failed to set marker file for job started ([Errno 2] No such file or directory: '/Users/simongrimm/Documents/universitaet_basel/thesis/nextstrain/data/thesis_data/github_enterovirus_a71/.snakemake/incomplete'). Snakemake will work, but cannot ensure that output files are complete in case of a kill signal or power loss. Please ensure write permissions for the directory /Users/simongrimm/Documents/universitaet_basel/thesis/nextstrain/data/thesis_data/github_enterovirus_a71/.snakemake
Error recording metadata for finished job ([Errno 2] No such file or directory: '/Users/simongrimm/Documents/universitaet_basel/thesis/nextstrain/data/thesis_data/github_enterovirus_a71/.snakemake/incomplete'). Please ensure write permissions for the directory /Users/simongrimm/Documents/universitaet_basel/thesis/nextstrain/data/thesis_data/github_enterovirus_a71/.snakemake
[Wed Jan  5 12:31:13 2022]
Finished job 12.
25 of 31 steps (81%) done
Select jobs to execute...

[Wed Jan  5 12:31:13 2022]
Job 27: Inferring ancestral traits for country

Failed to set marker file for job started ([Errno 2] No such file or directory: '/Users/simongrimm/Documents/universitaet_basel/thesis/nextstrain/data/thesis_data/github_enterovirus_a71/.snakemake/incomplete'). Snakemake will work, but cannot ensure that output files are complete in case of a kill signal or power loss. Please ensure write permissions for the directory /Users/simongrimm/Documents/universitaet_basel/thesis/nextstrain/data/thesis_data/github_enterovirus_a71/.snakemake
Error recording metadata for finished job ([Errno 2] No such file or directory: '/Users/simongrimm/Documents/universitaet_basel/thesis/nextstrain/data/thesis_data/github_enterovirus_a71/.snakemake/incomplete'). Please ensure write permissions for the directory /Users/simongrimm/Documents/universitaet_basel/thesis/nextstrain/data/thesis_data/github_enterovirus_a71/.snakemake
[Wed Jan  5 12:31:24 2022]
Finished job 27.
26 of 31 steps (84%) done
Select jobs to execute...

[Wed Jan  5 12:31:24 2022]
Job 29: Translating amino acid sequences

Failed to set marker file for job started ([Errno 2] No such file or directory: '/Users/simongrimm/Documents/universitaet_basel/thesis/nextstrain/data/thesis_data/github_enterovirus_a71/.snakemake/incomplete'). Snakemake will work, but cannot ensure that output files are complete in case of a kill signal or power loss. Please ensure write permissions for the directory /Users/simongrimm/Documents/universitaet_basel/thesis/nextstrain/data/thesis_data/github_enterovirus_a71/.snakemake
Error recording metadata for finished job ([Errno 2] No such file or directory: '/Users/simongrimm/Documents/universitaet_basel/thesis/nextstrain/data/thesis_data/github_enterovirus_a71/.snakemake/incomplete'). Please ensure write permissions for the directory /Users/simongrimm/Documents/universitaet_basel/thesis/nextstrain/data/thesis_data/github_enterovirus_a71/.snakemake
[Wed Jan  5 12:31:28 2022]
Finished job 29.
27 of 31 steps (87%) done
Select jobs to execute...

[Wed Jan  5 12:31:28 2022]
Job 1: Exporting data files for for auspice

Failed to set marker file for job started ([Errno 2] No such file or directory: '/Users/simongrimm/Documents/universitaet_basel/thesis/nextstrain/data/thesis_data/github_enterovirus_a71/.snakemake/incomplete'). Snakemake will work, but cannot ensure that output files are complete in case of a kill signal or power loss. Please ensure write permissions for the directory /Users/simongrimm/Documents/universitaet_basel/thesis/nextstrain/data/thesis_data/github_enterovirus_a71/.snakemake
Error recording metadata for finished job ([Errno 2] No such file or directory: '/Users/simongrimm/Documents/universitaet_basel/thesis/nextstrain/data/thesis_data/github_enterovirus_a71/.snakemake/incomplete'). Please ensure write permissions for the directory /Users/simongrimm/Documents/universitaet_basel/thesis/nextstrain/data/thesis_data/github_enterovirus_a71/.snakemake
[Wed Jan  5 12:31:34 2022]
Finished job 1.
28 of 31 steps (90%) done
Select jobs to execute...

[Wed Jan  5 12:31:34 2022]
Job 30: Assigning clades according to nucleotide mutations

Failed to set marker file for job started ([Errno 2] No such file or directory: '/Users/simongrimm/Documents/universitaet_basel/thesis/nextstrain/data/thesis_data/github_enterovirus_a71/.snakemake/incomplete'). Snakemake will work, but cannot ensure that output files are complete in case of a kill signal or power loss. Please ensure write permissions for the directory /Users/simongrimm/Documents/universitaet_basel/thesis/nextstrain/data/thesis_data/github_enterovirus_a71/.snakemake
Error recording metadata for finished job ([Errno 2] No such file or directory: '/Users/simongrimm/Documents/universitaet_basel/thesis/nextstrain/data/thesis_data/github_enterovirus_a71/.snakemake/incomplete'). Please ensure write permissions for the directory /Users/simongrimm/Documents/universitaet_basel/thesis/nextstrain/data/thesis_data/github_enterovirus_a71/.snakemake
[Wed Jan  5 12:31:35 2022]
Finished job 30.
29 of 31 steps (94%) done
Select jobs to execute...

[Wed Jan  5 12:31:35 2022]
Job 16: Exporting data files for for auspice

Failed to set marker file for job started ([Errno 2] No such file or directory: '/Users/simongrimm/Documents/universitaet_basel/thesis/nextstrain/data/thesis_data/github_enterovirus_a71/.snakemake/incomplete'). Snakemake will work, but cannot ensure that output files are complete in case of a kill signal or power loss. Please ensure write permissions for the directory /Users/simongrimm/Documents/universitaet_basel/thesis/nextstrain/data/thesis_data/github_enterovirus_a71/.snakemake
Error recording metadata for finished job ([Errno 2] No such file or directory: '/Users/simongrimm/Documents/universitaet_basel/thesis/nextstrain/data/thesis_data/github_enterovirus_a71/.snakemake/incomplete'). Please ensure write permissions for the directory /Users/simongrimm/Documents/universitaet_basel/thesis/nextstrain/data/thesis_data/github_enterovirus_a71/.snakemake
[Wed Jan  5 12:31:38 2022]
Finished job 16.
30 of 31 steps (97%) done
Select jobs to execute...

[Wed Jan  5 12:31:38 2022]
localrule all:
    input: ev_a71/vp1/auspice/ev_a71_vp1.json, ev_a71/whole_genome/auspice/ev_a71_whole_genome.json
    jobid: 0
    resources: tmpdir=/var/folders/pq/97vh46ln7vn7hcjc0w0lq_jr0000gn/T

[Wed Jan  5 12:31:38 2022]
Finished job 0.
31 of 31 steps (100%) done
Complete log: /Users/simongrimm/Documents/universitaet_basel/thesis/nextstrain/data/thesis_data/github_enterovirus_a71/.snakemake/log/2022-01-05T113612.275021.snakemake.log
