Building DAG of jobs...
Using shell: /bin/bash
Provided cores: 3
Rules claiming more threads will be scaled down.
Job stats:
job                      count    min threads    max threads
---------------------  -------  -------------  -------------
align                        2              1              1
all                          1              1              1
ancestral                    2              1              1
clades                       2              1              1
date_parse                   2              1              1
export                       2              1              1
filter                       2              1              1
index_sequences              2              1              1
parse                        2              1              1
reference_gb_to_fasta        2              1              1
refine                       2              1              1
remove_duplicates            2              1              1
subsample_by_length          2              1              1
traits                       2              1              1
translate                    2              1              1
tree                         2              1              1
total                       31              1              1

Select jobs to execute...

[Thu Feb 10 10:44:43 2022]
Job 11: 
        Converting reference sequence from genbank to fasta format
        


[Thu Feb 10 10:44:43 2022]
Job 26: 
        Converting reference sequence from genbank to fasta format
        


[Thu Feb 10 10:44:43 2022]
Job 8: 
        Subsampling sequences by length (vp1 = 600-8000bp,
                                         whole genome = 6400-8000bp)
        

[Thu Feb 10 10:44:43 2022]
Finished job 26.
1 of 31 steps (3%) done
[Thu Feb 10 10:44:43 2022]
Finished job 11.
2 of 31 steps (6%) done
Select jobs to execute...

[Thu Feb 10 10:44:43 2022]
Job 23: 
        Subsampling sequences by length (vp1 = 600-8000bp,
                                         whole genome = 6400-8000bp)
        

[Thu Feb 10 10:44:44 2022]
Finished job 8.
3 of 31 steps (10%) done
Select jobs to execute...

[Thu Feb 10 10:44:44 2022]
Job 7: 
        Parsing sequences and metadata from viprbrc.fasta
        

[Thu Feb 10 10:44:44 2022]
Finished job 23.
4 of 31 steps (13%) done
Select jobs to execute...

[Thu Feb 10 10:44:44 2022]
Job 22: 
        Parsing sequences and metadata from viprbrc.fasta
        

[Thu Feb 10 10:44:47 2022]
Finished job 22.
5 of 31 steps (16%) done
Select jobs to execute...

[Thu Feb 10 10:44:47 2022]
Job 21: 
        Removing duplicate sequences
        


[Thu Feb 10 10:44:47 2022]
Job 25: 
        Cleaning dates in metadata
        

[Thu Feb 10 10:44:47 2022]
Finished job 7.
6 of 31 steps (19%) done
Select jobs to execute...

[Thu Feb 10 10:44:47 2022]
Job 6: 
        Removing duplicate sequences
        

[Thu Feb 10 10:44:47 2022]
Finished job 25.
7 of 31 steps (23%) done
Select jobs to execute...

[Thu Feb 10 10:44:47 2022]
Job 10: 
        Cleaning dates in metadata
        

[Thu Feb 10 10:44:47 2022]
Finished job 21.
8 of 31 steps (26%) done
Select jobs to execute...

[Thu Feb 10 10:44:47 2022]
Job 24: 
        Creating an index of sequence composition for filtering
        

[Thu Feb 10 10:44:47 2022]
Finished job 10.
9 of 31 steps (29%) done
[Thu Feb 10 10:44:48 2022]
Finished job 6.
10 of 31 steps (32%) done
Select jobs to execute...

[Thu Feb 10 10:44:48 2022]
Job 9: 
        Creating an index of sequence composition for filtering
        

[Thu Feb 10 10:44:48 2022]
Finished job 24.
11 of 31 steps (35%) done
Select jobs to execute...

[Thu Feb 10 10:44:48 2022]
Job 20: 
        Filtering to
          - 2000 sequence(s) per country
          - from 1970 onwards
          - excluding strains in ev_a71/whole_genome/config/dropped_strains.txt
        

[Thu Feb 10 10:44:49 2022]
Finished job 9.
12 of 31 steps (39%) done
Select jobs to execute...

[Thu Feb 10 10:44:49 2022]
Job 5: 
        Filtering to
          - 2000 sequence(s) per country
          - from 1970 onwards
          - excluding strains in ev_a71/vp1/config/dropped_strains.txt
        

[Thu Feb 10 10:44:49 2022]
Finished job 20.
13 of 31 steps (42%) done
Select jobs to execute...

[Thu Feb 10 10:44:49 2022]
Job 19: 
        Aligning sequences to ev_a71/whole_genome/results/reference_sequence.fasta using Nextalign
        Aksamentov et al., (2021). Nextclade: clade assignment, mutation calling and quality control for viral genomes. Journal of Open Source
        Software, 6(67), 3773. https://doi.org/10.21105/joss.03773
        

[Thu Feb 10 10:44:51 2022]
Finished job 5.
14 of 31 steps (45%) done
Select jobs to execute...

[Thu Feb 10 10:44:51 2022]
Job 4: 
        Aligning sequences to ev_a71/vp1/results/reference_sequence.fasta using Nextalign
        Aksamentov et al., (2021). Nextclade: clade assignment, mutation calling and quality control for viral genomes. Journal of Open Source
        Software, 6(67), 3773. https://doi.org/10.21105/joss.03773
        

[Thu Feb 10 10:44:54 2022]
Finished job 19.
15 of 31 steps (48%) done
Select jobs to execute...

[Thu Feb 10 10:44:54 2022]
Job 18: Building tree

[Thu Feb 10 10:44:58 2022]
Finished job 4.
16 of 31 steps (52%) done
Select jobs to execute...

[Thu Feb 10 10:44:58 2022]
Job 3: Building tree

[Thu Feb 10 10:47:00 2022]
Finished job 18.
17 of 31 steps (55%) done
Select jobs to execute...

[Thu Feb 10 10:47:00 2022]
Job 17: 
        Refining tree
          - estimate timetree
          - use opt coalescent timescale
          - estimate marginal node dates
          - filter tips more than 3 IQDs from clock expectation
        

[Thu Feb 10 10:50:32 2022]
Finished job 3.
18 of 31 steps (58%) done
Select jobs to execute...

[Thu Feb 10 10:50:32 2022]
Job 2: 
        Refining tree
          - estimate timetree
          - use opt coalescent timescale
          - estimate marginal node dates
          - filter tips more than 3 IQDs from clock expectation
        

[Thu Feb 10 10:57:27 2022]
Finished job 17.
19 of 31 steps (61%) done
Select jobs to execute...

[Thu Feb 10 10:57:27 2022]
Job 27: Inferring ancestral traits for country


[Thu Feb 10 10:57:27 2022]
Job 28: Reconstructing ancestral sequences and mutations

[Thu Feb 10 10:57:28 2022]
Error in rule traits:
    jobid: 27
    output: ev_a71/whole_genome/results/traits.json
    shell:
        
        augur traits             --tree ev_a71/whole_genome/results/tree.nwk             --metadata ev_a71/whole_genome/results/cleaned_metadata.tsv             --output-node-data ev_a71/whole_genome/results/traits.json             --columns country             --confidence
        
        (one of the commands exited with non-zero exit code; note that snakemake uses bash strict mode!)

[Thu Feb 10 10:57:58 2022]
Finished job 28.
20 of 31 steps (65%) done
