Building DAG of jobs...
Using shell: /bin/bash
Provided cores: 1 (use --cores to define parallelism)
Rules claiming more threads will be scaled down.
Job stats:
job                      count    min threads    max threads
---------------------  -------  -------------  -------------
align                        1              1              1
ancestral                    1              1              1
clades                       1              1              1
date_parse                   1              1              1
export                       1              1              1
filter                       1              1              1
index_sequences              1              1              1
parse                        1              1              1
reference_gb_to_fasta        1              1              1
refine                       1              1              1
remove_duplicates            1              1              1
subsample_by_length          1              1              1
traits                       1              1              1
translate                    1              1              1
tree                         1              1              1
total                       15              1              1

Select jobs to execute...

[Sat Nov 20 11:13:15 2021]
Job 10: 
        Converting reference sequence from genbank to fasta format
        

[Sat Nov 20 11:13:15 2021]
Finished job 10.
1 of 15 steps (7%) done
Select jobs to execute...

[Sat Nov 20 11:13:15 2021]
Job 7: 
        Subsampling sequences by length (vp1 = 600-8000bp,
                                         whole genome = 6400-8000bp)
        

[Sat Nov 20 11:13:15 2021]
Finished job 7.
2 of 15 steps (13%) done
Select jobs to execute...

[Sat Nov 20 11:13:15 2021]
Job 6: 
        Parsing sequences and metadata from viprbrc.fasta
        

[Sat Nov 20 11:13:17 2021]
Finished job 6.
3 of 15 steps (20%) done
Select jobs to execute...

[Sat Nov 20 11:13:17 2021]
Job 9: 
        Cleaning dates in metadata
        

[Sat Nov 20 11:13:17 2021]
Finished job 9.
4 of 15 steps (27%) done
Select jobs to execute...

[Sat Nov 20 11:13:17 2021]
Job 5: 
        Removing duplicate sequences
        

[Sat Nov 20 11:13:18 2021]
Finished job 5.
5 of 15 steps (33%) done
Select jobs to execute...

[Sat Nov 20 11:13:18 2021]
Job 8: 
        Creating an index of sequence composition for filtering
        

[Sat Nov 20 11:13:19 2021]
Finished job 8.
6 of 15 steps (40%) done
Select jobs to execute...

[Sat Nov 20 11:13:19 2021]
Job 4: 
        Filtering to
          - 2000 sequence(s) per country
          - from 1970 onwards
          - excluding strains in ev_a71/vp1/config/dropped_strains.txt
        

[Sat Nov 20 11:13:21 2021]
Finished job 4.
7 of 15 steps (47%) done
Select jobs to execute...

[Sat Nov 20 11:13:21 2021]
Job 3: 
        Aligning sequences to ev_a71/vp1/results/reference_sequence.fasta using Nextalign
        

[Sat Nov 20 11:13:26 2021]
Finished job 3.
8 of 15 steps (53%) done
Select jobs to execute...

[Sat Nov 20 11:13:26 2021]
Job 2: Building tree

[Sat Nov 20 11:16:16 2021]
Finished job 2.
9 of 15 steps (60%) done
Select jobs to execute...

[Sat Nov 20 11:16:16 2021]
Job 1: 
        Refining tree
          - estimate timetree
          - use opt coalescent timescale
          - estimate marginal node dates
          - filter tips more than 3 IQDs from clock expectation
        

Error recording metadata for finished job ([Errno 2] No such file or directory: '/Users/simongrimm/Documents/universitaet_basel/thesis/nextstrain/data/thesis_data/ignore_these_builds/reduced exclusion build (based on dropped strains in github)/.snakemake/incomplete'). Please ensure write permissions for the directory /Users/simongrimm/Documents/universitaet_basel/thesis/nextstrain/data/thesis_data/ignore_these_builds/reduced exclusion build (based on dropped strains in github)/.snakemake
[Sat Nov 20 12:04:32 2021]
Finished job 1.
10 of 15 steps (67%) done
Select jobs to execute...

[Sat Nov 20 12:04:32 2021]
Job 11: Inferring ancestral traits for country

Failed to set marker file for job started ([Errno 2] No such file or directory: '/Users/simongrimm/Documents/universitaet_basel/thesis/nextstrain/data/thesis_data/ignore_these_builds/reduced exclusion build (based on dropped strains in github)/.snakemake/incomplete'). Snakemake will work, but cannot ensure that output files are complete in case of a kill signal or power loss. Please ensure write permissions for the directory /Users/simongrimm/Documents/universitaet_basel/thesis/nextstrain/data/thesis_data/ignore_these_builds/reduced exclusion build (based on dropped strains in github)/.snakemake
Error recording metadata for finished job ([Errno 2] No such file or directory: '/Users/simongrimm/Documents/universitaet_basel/thesis/nextstrain/data/thesis_data/ignore_these_builds/reduced exclusion build (based on dropped strains in github)/.snakemake/incomplete'). Please ensure write permissions for the directory /Users/simongrimm/Documents/universitaet_basel/thesis/nextstrain/data/thesis_data/ignore_these_builds/reduced exclusion build (based on dropped strains in github)/.snakemake
[Sat Nov 20 12:05:44 2021]
Finished job 11.
11 of 15 steps (73%) done
Select jobs to execute...

[Sat Nov 20 12:05:44 2021]
Job 12: Reconstructing ancestral sequences and mutations

Failed to set marker file for job started ([Errno 2] No such file or directory: '/Users/simongrimm/Documents/universitaet_basel/thesis/nextstrain/data/thesis_data/ignore_these_builds/reduced exclusion build (based on dropped strains in github)/.snakemake/incomplete'). Snakemake will work, but cannot ensure that output files are complete in case of a kill signal or power loss. Please ensure write permissions for the directory /Users/simongrimm/Documents/universitaet_basel/thesis/nextstrain/data/thesis_data/ignore_these_builds/reduced exclusion build (based on dropped strains in github)/.snakemake
Error recording metadata for finished job ([Errno 2] No such file or directory: '/Users/simongrimm/Documents/universitaet_basel/thesis/nextstrain/data/thesis_data/ignore_these_builds/reduced exclusion build (based on dropped strains in github)/.snakemake/incomplete'). Please ensure write permissions for the directory /Users/simongrimm/Documents/universitaet_basel/thesis/nextstrain/data/thesis_data/ignore_these_builds/reduced exclusion build (based on dropped strains in github)/.snakemake
[Sat Nov 20 12:06:08 2021]
Finished job 12.
12 of 15 steps (80%) done
Select jobs to execute...

[Sat Nov 20 12:06:08 2021]
Job 13: Translating amino acid sequences

Failed to set marker file for job started ([Errno 2] No such file or directory: '/Users/simongrimm/Documents/universitaet_basel/thesis/nextstrain/data/thesis_data/ignore_these_builds/reduced exclusion build (based on dropped strains in github)/.snakemake/incomplete'). Snakemake will work, but cannot ensure that output files are complete in case of a kill signal or power loss. Please ensure write permissions for the directory /Users/simongrimm/Documents/universitaet_basel/thesis/nextstrain/data/thesis_data/ignore_these_builds/reduced exclusion build (based on dropped strains in github)/.snakemake
Error recording metadata for finished job ([Errno 2] No such file or directory: '/Users/simongrimm/Documents/universitaet_basel/thesis/nextstrain/data/thesis_data/ignore_these_builds/reduced exclusion build (based on dropped strains in github)/.snakemake/incomplete'). Please ensure write permissions for the directory /Users/simongrimm/Documents/universitaet_basel/thesis/nextstrain/data/thesis_data/ignore_these_builds/reduced exclusion build (based on dropped strains in github)/.snakemake
[Sat Nov 20 12:06:10 2021]
Finished job 13.
13 of 15 steps (87%) done
Select jobs to execute...

[Sat Nov 20 12:06:10 2021]
Job 14: Assigning clades according to nucleotide mutations

Failed to set marker file for job started ([Errno 2] No such file or directory: '/Users/simongrimm/Documents/universitaet_basel/thesis/nextstrain/data/thesis_data/ignore_these_builds/reduced exclusion build (based on dropped strains in github)/.snakemake/incomplete'). Snakemake will work, but cannot ensure that output files are complete in case of a kill signal or power loss. Please ensure write permissions for the directory /Users/simongrimm/Documents/universitaet_basel/thesis/nextstrain/data/thesis_data/ignore_these_builds/reduced exclusion build (based on dropped strains in github)/.snakemake
Error recording metadata for finished job ([Errno 2] No such file or directory: '/Users/simongrimm/Documents/universitaet_basel/thesis/nextstrain/data/thesis_data/ignore_these_builds/reduced exclusion build (based on dropped strains in github)/.snakemake/incomplete'). Please ensure write permissions for the directory /Users/simongrimm/Documents/universitaet_basel/thesis/nextstrain/data/thesis_data/ignore_these_builds/reduced exclusion build (based on dropped strains in github)/.snakemake
[Sat Nov 20 12:06:12 2021]
Finished job 14.
14 of 15 steps (93%) done
Select jobs to execute...

[Sat Nov 20 12:06:12 2021]
Job 0: Exporting data files for for auspice

Failed to set marker file for job started ([Errno 2] No such file or directory: '/Users/simongrimm/Documents/universitaet_basel/thesis/nextstrain/data/thesis_data/ignore_these_builds/reduced exclusion build (based on dropped strains in github)/.snakemake/incomplete'). Snakemake will work, but cannot ensure that output files are complete in case of a kill signal or power loss. Please ensure write permissions for the directory /Users/simongrimm/Documents/universitaet_basel/thesis/nextstrain/data/thesis_data/ignore_these_builds/reduced exclusion build (based on dropped strains in github)/.snakemake
Error recording metadata for finished job ([Errno 2] No such file or directory: '/Users/simongrimm/Documents/universitaet_basel/thesis/nextstrain/data/thesis_data/ignore_these_builds/reduced exclusion build (based on dropped strains in github)/.snakemake/incomplete'). Please ensure write permissions for the directory /Users/simongrimm/Documents/universitaet_basel/thesis/nextstrain/data/thesis_data/ignore_these_builds/reduced exclusion build (based on dropped strains in github)/.snakemake
[Sat Nov 20 12:06:19 2021]
Finished job 0.
15 of 15 steps (100%) done
Complete log: /Users/simongrimm/Documents/universitaet_basel/thesis/nextstrain/data/thesis_data/ignore_these_builds/reduced exclusion build (based on dropped strains in github)/.snakemake/log/2021-11-20T111314.583837.snakemake.log
