Building DAG of jobs...
Using shell: /bin/bash
Provided cores: 1 (use --cores to define parallelism)
Rules claiming more threads will be scaled down.
Job stats:
job                      count    min threads    max threads
---------------------  -------  -------------  -------------
align                        1              1              1
all                          1              1              1
ancestral                    1              1              1
clades                       1              1              1
date_parse                   1              1              1
export                       1              1              1
filter                       1              1              1
index_sequences              1              1              1
parse                        1              1              1
reference_gb_to_fasta        1              1              1
refine                       1              1              1
remove_duplicates            1              1              1
subsample_by_length          1              1              1
traits                       1              1              1
translate                    1              1              1
tree                         1              1              1
total                       16              1              1

Select jobs to execute...

[Sun Jan 30 11:23:03 2022]
Job 26: 
        Converting reference sequence from genbank to fasta format
        

[Sun Jan 30 11:23:04 2022]
Finished job 26.
1 of 16 steps (6%) done
Select jobs to execute...

[Sun Jan 30 11:23:04 2022]
Job 23: 
        Subsampling sequences by length (vp1 = 600-8000bp,
                                         whole genome = 6400-8000bp)
        

[Sun Jan 30 11:23:04 2022]
Finished job 23.
2 of 16 steps (12%) done
Select jobs to execute...

[Sun Jan 30 11:23:04 2022]
Job 22: 
        Parsing sequences and metadata from viprbrc.fasta
        

[Sun Jan 30 11:23:07 2022]
Finished job 22.
3 of 16 steps (19%) done
Select jobs to execute...

[Sun Jan 30 11:23:07 2022]
Job 21: 
        Removing duplicate sequences
        

[Sun Jan 30 11:23:07 2022]
Finished job 21.
4 of 16 steps (25%) done
Select jobs to execute...

[Sun Jan 30 11:23:08 2022]
Job 24: 
        Creating an index of sequence composition for filtering
        

[Sun Jan 30 11:23:08 2022]
Finished job 24.
5 of 16 steps (31%) done
Select jobs to execute...

[Sun Jan 30 11:23:08 2022]
Job 25: 
        Cleaning dates in metadata
        

[Sun Jan 30 11:23:09 2022]
Finished job 25.
6 of 16 steps (38%) done
Select jobs to execute...

[Sun Jan 30 11:23:09 2022]
Job 20: 
        Filtering to
          - 2000 sequence(s) per country
          - from 1970 onwards
          - excluding strains in ev_a71/whole_genome/config/dropped_strains.txt
        

[Sun Jan 30 11:23:10 2022]
Finished job 20.
7 of 16 steps (44%) done
Select jobs to execute...

[Sun Jan 30 11:23:10 2022]
Job 19: 
        Aligning sequences to ev_a71/whole_genome/results/reference_sequence.fasta using Nextalign
        

[Sun Jan 30 11:23:13 2022]
Finished job 19.
8 of 16 steps (50%) done
Select jobs to execute...

[Sun Jan 30 11:23:13 2022]
Job 18: Building tree

[Sun Jan 30 11:24:37 2022]
Finished job 18.
9 of 16 steps (56%) done
Select jobs to execute...

[Sun Jan 30 11:24:37 2022]
Job 17: 
        Refining tree
          - estimate timetree
          - use opt coalescent timescale
          - estimate marginal node dates
          - filter tips more than 3 IQDs from clock expectation
        

[Sun Jan 30 11:34:30 2022]
Finished job 17.
10 of 16 steps (62%) done
Select jobs to execute...

[Sun Jan 30 11:34:30 2022]
Job 27: Inferring ancestral traits for country

[Sun Jan 30 11:34:41 2022]
Finished job 27.
11 of 16 steps (69%) done
Select jobs to execute...

[Sun Jan 30 11:34:41 2022]
Job 28: Reconstructing ancestral sequences and mutations

[Sun Jan 30 11:35:11 2022]
Finished job 28.
12 of 16 steps (75%) done
Select jobs to execute...

[Sun Jan 30 11:35:11 2022]
Job 29: Translating amino acid sequences

[Sun Jan 30 11:35:14 2022]
Finished job 29.
13 of 16 steps (81%) done
Select jobs to execute...

[Sun Jan 30 11:35:14 2022]
Job 30: Assigning clades according to nucleotide mutations

[Sun Jan 30 11:35:15 2022]
Finished job 30.
14 of 16 steps (88%) done
Select jobs to execute...

[Sun Jan 30 11:35:15 2022]
Job 16: Exporting data files for for auspice

[Sun Jan 30 11:35:19 2022]
Finished job 16.
15 of 16 steps (94%) done
Select jobs to execute...

[Sun Jan 30 11:35:19 2022]
localrule all:
    input: ev_a71/vp1/auspice/ev_a71_vp1.json, ev_a71/whole_genome/auspice/ev_a71_whole_genome.json
    jobid: 0
    resources: tmpdir=/var/folders/pq/97vh46ln7vn7hcjc0w0lq_jr0000gn/T

[Sun Jan 30 11:35:19 2022]
Finished job 0.
16 of 16 steps (100%) done
Complete log: /Users/simongrimm/Documents/universitaet_basel/thesis/nextstrain/data/thesis_data/ignore_these_builds/9 excl final pick - ningbo 215 drop/.snakemake/log/2022-01-30T112300.117996.snakemake.log
