Building DAG of jobs...
Using shell: /bin/bash
Provided cores: 1 (use --cores to define parallelism)
Rules claiming more threads will be scaled down.
Job stats:
job       count    min threads    max threads
------  -------  -------------  -------------
all           1              1              1
export        1              1              1
total         2              1              1

Select jobs to execute...

[Fri Nov  5 16:58:31 2021]
Job 1: Exporting data files for for auspice

[Fri Nov  5 16:58:40 2021]
Finished job 1.
1 of 2 steps (50%) done
Select jobs to execute...

[Fri Nov  5 16:58:40 2021]
localrule all:
    input: ev_a71/vp1/auspice/ev_a71_vp1.json, ev_a71/whole_genome/auspice/ev_a71_whole_genome.json
    jobid: 0
    resources: tmpdir=/var/folders/pq/97vh46ln7vn7hcjc0w0lq_jr0000gn/T

[Fri Nov  5 16:58:40 2021]
Finished job 0.
2 of 2 steps (100%) done
Complete log: /Users/simongrimm/Documents/universitaet_basel/thesis/nextstrain/data/ignore_these_builds/build without exclusions/.snakemake/log/2021-11-05T165827.900330.snakemake.log
