Building DAG of jobs...
Using shell: /bin/bash
Provided cores: 3
Rules claiming more threads will be scaled down.
Job stats:
job                      count    min threads    max threads
---------------------  -------  -------------  -------------
align                        1              1              1
ancestral                    1              1              1
clades                       1              1              1
date_parse                   1              1              1
export                       1              1              1
filter                       1              1              1
index_sequences              1              1              1
parse                        1              1              1
reference_gb_to_fasta        1              1              1
refine                       1              1              1
remove_duplicates            1              1              1
subsample_by_length          1              1              1
traits                       1              1              1
translate                    1              1              1
tree                         1              1              1
total                       15              1              1

Select jobs to execute...

[Thu Feb 10 11:06:46 2022]
Job 7: 
        Subsampling sequences by length (vp1 = 600-8000bp,
                                         whole genome = 6400-8000bp)
        


[Thu Feb 10 11:06:46 2022]
Job 10: 
        Converting reference sequence from genbank to fasta format
        

[Thu Feb 10 11:06:46 2022]
Finished job 10.
1 of 15 steps (7%) done
[Thu Feb 10 11:06:47 2022]
Finished job 7.
2 of 15 steps (13%) done
Select jobs to execute...

[Thu Feb 10 11:06:47 2022]
Job 6: 
        Parsing sequences and metadata from viprbrc.fasta
        

[Thu Feb 10 11:06:48 2022]
Finished job 6.
3 of 15 steps (20%) done
Select jobs to execute...

[Thu Feb 10 11:06:48 2022]
Job 5: 
        Removing duplicate sequences
        


[Thu Feb 10 11:06:48 2022]
Job 9: 
        Cleaning dates in metadata
        

[Thu Feb 10 11:06:48 2022]
Finished job 9.
4 of 15 steps (27%) done
[Thu Feb 10 11:06:48 2022]
Finished job 5.
5 of 15 steps (33%) done
Select jobs to execute...

[Thu Feb 10 11:06:48 2022]
Job 8: 
        Creating an index of sequence composition for filtering
        

[Thu Feb 10 11:06:50 2022]
Finished job 8.
6 of 15 steps (40%) done
Select jobs to execute...

[Thu Feb 10 11:06:50 2022]
Job 4: 
        Filtering to
          - 2000 sequence(s) per country
          - from 1970 onwards
          - excluding strains in ev_a71/vp1/config/dropped_strains.txt
        

[Thu Feb 10 11:06:52 2022]
Finished job 4.
7 of 15 steps (47%) done
Select jobs to execute...

[Thu Feb 10 11:06:52 2022]
Job 3: 
        Aligning sequences to ev_a71/vp1/results/reference_sequence.fasta
          - filling gaps with N
        

[Thu Feb 10 12:24:47 2022]
Finished job 3.
8 of 15 steps (53%) done
Select jobs to execute...

[Thu Feb 10 12:24:47 2022]
Job 2: Building tree

[Thu Feb 10 12:24:49 2022]
Error in rule tree:
    jobid: 2
    output: ev_a71/vp1/results/tree_raw.nwk
    shell:
        
        augur tree             --alignment ev_a71/vp1/results/aligned.fasta             --output ev_a71/vp1/results/tree_raw.nwk
        
        (one of the commands exited with non-zero exit code; note that snakemake uses bash strict mode!)

Shutting down, this might take some time.
Exiting because a job execution failed. Look above for error message
Complete log: /Users/simongrimm/Documents/universitaet_basel/thesis/nextstrain/data/thesis_data/trial_builds/10_02_22_curl_mafft_build/.snakemake/log/2022-02-10T110646.302430.snakemake.log
